<?xml version="1.0" encoding="UTF-8"?>
<!-- Generated by org.testng.reporters.JUnitReportReporter -->
<testsuite hostname="DESKTOP-UN8LC8V" failures="0" tests="6" name="loginfeaturse" time="375.020" errors="0" timestamp="2025-04-18T01:34:32 IDT" skipped="0">
  <testcase classname="loginfeaturse" name="testLoginScenarios" time="48.325"/>
  <testcase classname="loginfeaturse" name="testLoginScenarios" time="19.988"/>
  <testcase classname="loginfeaturse" name="testLoginScenarios" time="44.456"/>
  <testcase classname="loginfeaturse" name="testAddOrUpdateEmployee" time="101.189"/>
  <testcase classname="loginfeaturse" name="testAddOrUpdateEmployee" time="107.037"/>
  <testcase classname="loginfeaturse" name="testSearchJobTitle" time="54.025"/>
</testsuite> <!-- loginfeaturse -->
